<?xml version="1.0" encoding="UTF-8"?>
<!-- Generated by org.testng.reporters.JUnitReportReporter -->
<testsuite hostname="DESKTOP-SU3DCJV" failures="0" tests="3" name="TestRunner.Guru99TestRunner" time="7.474" errors="0" timestamp="2024-01-14T00:27:56 IST" skipped="0">
  <testcase classname="TestRunner.Guru99TestRunner" name="runScenario" time="0.253"/>
  <system-out/>
  <testcase classname="TestRunner.Guru99TestRunner" name="runScenario" time="0.231"/>
  <system-out/>
  <testcase classname="TestRunner.Guru99TestRunner" name="runScenario" time="6.990"/>
  <system-out/>
</testsuite> <!-- TestRunner.Guru99TestRunner -->
